C:\Program Files (x86)\Microsoft Visual Studio\2019\Community\MSBuild\Microsoft\VC\v160\Microsoft.CppBuild.targets(467,5): warning MSB8028: промежуточный каталог (x64\Debug\) содержит файлы, которые используются совместно с другим проектом (kurs_ykpo.vcxproj).  Это может привести к ошибкам очистки и перестроения.
  Source.cpp
C:\MyFolder\Office\NOW\УКПО курсовая\kursovaya_ykpo-master\kursovaya_ykpo-master — копия\kurs_ykpo\Source.cpp(81,11): warning C4566: символ, представленный универсальным именем символа "\u00D2", невозможно представить в текущей кодовой странице (1251)
C:\MyFolder\Office\NOW\УКПО курсовая\kursovaya_ykpo-master\kursovaya_ykpo-master — копия\kurs_ykpo\Source.cpp(81,11): warning C4566: символ, представленный универсальным именем символа "\u00E0", невозможно представить в текущей кодовой странице (1251)
C:\MyFolder\Office\NOW\УКПО курсовая\kursovaya_ykpo-master\kursovaya_ykpo-master — копия\kurs_ykpo\Source.cpp(81,11): warning C4566: символ, представленный универсальным именем символа "\u00EA", невозможно представить в текущей кодовой странице (1251)
C:\MyFolder\Office\NOW\УКПО курсовая\kursovaya_ykpo-master\kursovaya_ykpo-master — копия\kurs_ykpo\Source.cpp(81,11): warning C4566: символ, представленный универсальным именем символа "\u00EE", невозможно представить в текущей кодовой странице (1251)
C:\MyFolder\Office\NOW\УКПО курсовая\kursovaya_ykpo-master\kursovaya_ykpo-master — копия\kurs_ykpo\Source.cpp(81,11): warning C4566: символ, представленный универсальным именем символа "\u00E9", невозможно представить в текущей кодовой странице (1251)
C:\MyFolder\Office\NOW\УКПО курсовая\kursovaya_ykpo-master\kursovaya_ykpo-master — копия\kurs_ykpo\Source.cpp(81,11): warning C4566: символ, представленный универсальным именем символа "\u00FD", невозможно представить в текущей кодовой странице (1251)
C:\MyFolder\Office\NOW\УКПО курсовая\kursovaya_ykpo-master\kursovaya_ykpo-master — копия\kurs_ykpo\Source.cpp(81,11): warning C4566: символ, представленный универсальным именем символа "\u00EB", невозможно представить в текущей кодовой странице (1251)
C:\MyFolder\Office\NOW\УКПО курсовая\kursovaya_ykpo-master\kursovaya_ykpo-master — копия\kurs_ykpo\Source.cpp(81,11): warning C4566: символ, представленный универсальным именем символа "\u00E5", невозможно представить в текущей кодовой странице (1251)
C:\MyFolder\Office\NOW\УКПО курсовая\kursovaya_ykpo-master\kursovaya_ykpo-master — копия\kurs_ykpo\Source.cpp(81,11): warning C4566: символ, представленный универсальным именем символа "\u00EC", невозможно представить в текущей кодовой странице (1251)
C:\MyFolder\Office\NOW\УКПО курсовая\kursovaya_ykpo-master\kursovaya_ykpo-master — копия\kurs_ykpo\Source.cpp(81,11): warning C4566: символ, представленный универсальным именем символа "\u00ED", невозможно представить в текущей кодовой странице (1251)
C:\MyFolder\Office\NOW\УКПО курсовая\kursovaya_ykpo-master\kursovaya_ykpo-master — копия\kurs_ykpo\Source.cpp(81,11): warning C4566: символ, представленный универсальным именем символа "\u00F2", невозможно представить в текущей кодовой странице (1251)
C:\MyFolder\Office\NOW\УКПО курсовая\kursovaya_ykpo-master\kursovaya_ykpo-master — копия\kurs_ykpo\Source.cpp(81,11): warning C4566: символ, представленный универсальным именем символа "\u00F3", невозможно представить в текущей кодовой странице (1251)
C:\MyFolder\Office\NOW\УКПО курсовая\kursovaya_ykpo-master\kursovaya_ykpo-master — копия\kurs_ykpo\Source.cpp(81,11): warning C4566: символ, представленный универсальным именем символа "\u00E6", невозможно представить в текущей кодовой странице (1251)
C:\MyFolder\Office\NOW\УКПО курсовая\kursovaya_ykpo-master\kursovaya_ykpo-master — копия\kurs_ykpo\Source.cpp(81,11): warning C4566: символ, представленный универсальным именем символа "\u00F1", невозможно представить в текущей кодовой странице (1251)
C:\MyFolder\Office\NOW\УКПО курсовая\kursovaya_ykpo-master\kursovaya_ykpo-master — копия\kurs_ykpo\Source.cpp(81,11): warning C4566: символ, представленный универсальным именем символа "\u00FC", невозможно представить в текущей кодовой странице (1251)
C:\MyFolder\Office\NOW\УКПО курсовая\kursovaya_ykpo-master\kursovaya_ykpo-master — копия\kurs_ykpo\Source.cpp(97,11): warning C4566: символ, представленный универсальным именем символа "\u00C4", невозможно представить в текущей кодовой странице (1251)
C:\MyFolder\Office\NOW\УКПО курсовая\kursovaya_ykpo-master\kursovaya_ykpo-master — копия\kurs_ykpo\Source.cpp(97,11): warning C4566: символ, представленный универсальным именем символа "\u00EE", невозможно представить в текущей кодовой странице (1251)
C:\MyFolder\Office\NOW\УКПО курсовая\kursovaya_ykpo-master\kursovaya_ykpo-master — копия\kurs_ykpo\Source.cpp(97,11): warning C4566: символ, представленный универсальным именем символа "\u00E1", невозможно представить в текущей кодовой странице (1251)
C:\MyFolder\Office\NOW\УКПО курсовая\kursovaya_ykpo-master\kursovaya_ykpo-master — копия\kurs_ykpo\Source.cpp(97,11): warning C4566: символ, представленный универсальным именем символа "\u00E0", невозможно представить в текущей кодовой странице (1251)
C:\MyFolder\Office\NOW\УКПО курсовая\kursovaya_ykpo-master\kursovaya_ykpo-master — копия\kurs_ykpo\Source.cpp(97,11): warning C4566: символ, представленный универсальным именем символа "\u00E2", невозможно представить в текущей кодовой странице (1251)
C:\MyFolder\Office\NOW\УКПО курсовая\kursovaya_ykpo-master\kursovaya_ykpo-master — копия\kurs_ykpo\Source.cpp(97,11): warning C4566: символ, представленный универсальным именем символа "\u00E8", невозможно представить в текущей кодовой странице (1251)
C:\MyFolder\Office\NOW\УКПО курсовая\kursovaya_ykpo-master\kursovaya_ykpo-master — копия\kurs_ykpo\Source.cpp(97,11): warning C4566: символ, представленный универсальным именем символа "\u00F2", невозможно представить в текущей кодовой странице (1251)
C:\MyFolder\Office\NOW\УКПО курсовая\kursovaya_ykpo-master\kursovaya_ykpo-master — копия\kurs_ykpo\Source.cpp(97,11): warning C4566: символ, представленный универсальным именем символа "\u00FC", невозможно представить в текущей кодовой странице (1251)
C:\MyFolder\Office\NOW\УКПО курсовая\kursovaya_ykpo-master\kursovaya_ykpo-master — копия\kurs_ykpo\Source.cpp(97,11): warning C4566: символ, представленный универсальным именем символа "\u00FD", невозможно представить в текущей кодовой странице (1251)
C:\MyFolder\Office\NOW\УКПО курсовая\kursovaya_ykpo-master\kursovaya_ykpo-master — копия\kurs_ykpo\Source.cpp(97,11): warning C4566: символ, представленный универсальным именем символа "\u00EB", невозможно представить в текущей кодовой странице (1251)
C:\MyFolder\Office\NOW\УКПО курсовая\kursovaya_ykpo-master\kursovaya_ykpo-master — копия\kurs_ykpo\Source.cpp(97,11): warning C4566: символ, представленный универсальным именем символа "\u00E5", невозможно представить в текущей кодовой странице (1251)
C:\MyFolder\Office\NOW\УКПО курсовая\kursovaya_ykpo-master\kursovaya_ykpo-master — копия\kurs_ykpo\Source.cpp(97,11): warning C4566: символ, представленный универсальным именем символа "\u00EC", невозможно представить в текущей кодовой странице (1251)
C:\MyFolder\Office\NOW\УКПО курсовая\kursovaya_ykpo-master\kursovaya_ykpo-master — копия\kurs_ykpo\Source.cpp(97,11): warning C4566: символ, представленный универсальным именем символа "\u00ED", невозможно представить в текущей кодовой странице (1251)
C:\MyFolder\Office\NOW\УКПО курсовая\kursovaya_ykpo-master\kursovaya_ykpo-master — копия\kurs_ykpo\Source.cpp(98,7): warning C4566: символ, представленный универсальным именем символа "\u00D3", невозможно представить в текущей кодовой странице (1251)
C:\MyFolder\Office\NOW\УКПО курсовая\kursovaya_ykpo-master\kursovaya_ykpo-master — копия\kurs_ykpo\Source.cpp(98,7): warning C4566: символ, представленный универсальным именем символа "\u00E4", невозможно представить в текущей кодовой странице (1251)
C:\MyFolder\Office\NOW\УКПО курсовая\kursovaya_ykpo-master\kursovaya_ykpo-master — копия\kurs_ykpo\Source.cpp(98,7): warning C4566: символ, представленный универсальным именем символа "\u00E0", невозможно представить в текущей кодовой странице (1251)
C:\MyFolder\Office\NOW\УКПО курсовая\kursovaya_ykpo-master\kursovaya_ykpo-master — копия\kurs_ykpo\Source.cpp(98,7): warning C4566: символ, представленный универсальным именем символа "\u00EB", невозможно представить в текущей кодовой странице (1251)
C:\MyFolder\Office\NOW\УКПО курсовая\kursovaya_ykpo-master\kursovaya_ykpo-master — копия\kurs_ykpo\Source.cpp(98,7): warning C4566: символ, представленный универсальным именем символа "\u00E8", невозможно представить в текущей кодовой странице (1251)
C:\MyFolder\Office\NOW\УКПО курсовая\kursovaya_ykpo-master\kursovaya_ykpo-master — копия\kurs_ykpo\Source.cpp(98,7): warning C4566: символ, представленный универсальным именем символа "\u00F2", невозможно представить в текущей кодовой странице (1251)
C:\MyFolder\Office\NOW\УКПО курсовая\kursovaya_ykpo-master\kursovaya_ykpo-master — копия\kurs_ykpo\Source.cpp(98,7): warning C4566: символ, представленный универсальным именем символа "\u00FC", невозможно представить в текущей кодовой странице (1251)
C:\MyFolder\Office\NOW\УКПО курсовая\kursovaya_ykpo-master\kursovaya_ykpo-master — копия\kurs_ykpo\Source.cpp(98,7): warning C4566: символ, представленный универсальным именем символа "\u00FD", невозможно представить в текущей кодовой странице (1251)
C:\MyFolder\Office\NOW\УКПО курсовая\kursovaya_ykpo-master\kursovaya_ykpo-master — копия\kurs_ykpo\Source.cpp(98,7): warning C4566: символ, представленный универсальным именем символа "\u00E5", невозможно представить в текущей кодовой странице (1251)
C:\MyFolder\Office\NOW\УКПО курсовая\kursovaya_ykpo-master\kursovaya_ykpo-master — копия\kurs_ykpo\Source.cpp(98,7): warning C4566: символ, представленный универсальным именем символа "\u00EC", невозможно представить в текущей кодовой странице (1251)
C:\MyFolder\Office\NOW\УКПО курсовая\kursovaya_ykpo-master\kursovaya_ykpo-master — копия\kurs_ykpo\Source.cpp(98,7): warning C4566: символ, представленный универсальным именем символа "\u00ED", невозможно представить в текущей кодовой странице (1251)
C:\MyFolder\Office\NOW\УКПО курсовая\kursovaya_ykpo-master\kursovaya_ykpo-master — копия\kurs_ykpo\Source.cpp(99,7): warning C4566: символ, представленный универсальным именем символа "\u00CF", невозможно представить в текущей кодовой странице (1251)
C:\MyFolder\Office\NOW\УКПО курсовая\kursovaya_ykpo-master\kursovaya_ykpo-master — копия\kurs_ykpo\Source.cpp(99,7): warning C4566: символ, представленный универсальным именем символа "\u00EE", невозможно представить в текущей кодовой странице (1251)
C:\MyFolder\Office\NOW\УКПО курсовая\kursovaya_ykpo-master\kursovaya_ykpo-master — копия\kurs_ykpo\Source.cpp(99,7): warning C4566: символ, представленный универсальным именем символа "\u00EA", невозможно представить в текущей кодовой странице (1251)
C:\MyFolder\Office\NOW\УКПО курсовая\kursovaya_ykpo-master\kursovaya_ykpo-master — копия\kurs_ykpo\Source.cpp(99,7): warning C4566: символ, представленный универсальным именем символа "\u00E0", невозможно представить в текущей кодовой странице (1251)
C:\MyFolder\Office\NOW\УКПО курсовая\kursovaya_ykpo-master\kursovaya_ykpo-master — копия\kurs_ykpo\Source.cpp(99,7): warning C4566: символ, представленный универсальным именем символа "\u00E7", невозможно представить в текущей кодовой странице (1251)
C:\MyFolder\Office\NOW\УКПО курсовая\kursovaya_ykpo-master\kursovaya_ykpo-master — копия\kurs_ykpo\Source.cpp(99,7): warning C4566: символ, представленный универсальным именем символа "\u00F2", невозможно представить в текущей кодовой странице (1251)
C:\MyFolder\Office\NOW\УКПО курсовая\kursovaya_ykpo-master\kursovaya_ykpo-master — копия\kurs_ykpo\Source.cpp(99,7): warning C4566: символ, представленный универсальным именем символа "\u00FC", невозможно представить в текущей кодовой странице (1251)
C:\MyFolder\Office\NOW\УКПО курсовая\kursovaya_ykpo-master\kursovaya_ykpo-master — копия\kurs_ykpo\Source.cpp(99,7): warning C4566: символ, представленный универсальным именем символа "\u00E4", невозможно представить в текущей кодовой странице (1251)
C:\MyFolder\Office\NOW\УКПО курсовая\kursovaya_ykpo-master\kursovaya_ykpo-master — копия\kurs_ykpo\Source.cpp(99,7): warning C4566: символ, представленный универсальным именем символа "\u00E5", невозможно представить в текущей кодовой странице (1251)
C:\MyFolder\Office\NOW\УКПО курсовая\kursovaya_ykpo-master\kursovaya_ykpo-master — копия\kurs_ykpo\Source.cpp(99,7): warning C4566: символ, представленный универсальным именем символа "\u00F0", невозможно представить в текущей кодовой странице (1251)
C:\MyFolder\Office\NOW\УКПО курсовая\kursovaya_ykpo-master\kursovaya_ykpo-master — копия\kurs_ykpo\Source.cpp(99,7): warning C4566: символ, представленный универсальным именем символа "\u00E2", невозможно представить в текущей кодовой странице (1251)
C:\MyFolder\Office\NOW\УКПО курсовая\kursovaya_ykpo-master\kursovaya_ykpo-master — копия\kurs_ykpo\Source.cpp(100,7): warning C4566: символ, представленный универсальным именем символа "\u00C1", невозможно представить в текущей кодовой странице (1251)
C:\MyFolder\Office\NOW\УКПО курсовая\kursovaya_ykpo-master\kursovaya_ykpo-master — копия\kurs_ykpo\Source.cpp(100,7): warning C4566: символ, представленный универсальным именем символа "\u00E0", невозможно представить в текущей кодовой странице (1251)
C:\MyFolder\Office\NOW\УКПО курсовая\kursovaya_ykpo-master\kursovaya_ykpo-master — копия\kurs_ykpo\Source.cpp(100,7): warning C4566: символ, представленный универсальным именем символа "\u00EB", невозможно представить в текущей кодовой странице (1251)
C:\MyFolder\Office\NOW\УКПО курсовая\kursovaya_ykpo-master\kursovaya_ykpo-master — копия\kurs_ykpo\Source.cpp(100,7): warning C4566: символ, представленный универсальным именем символа "\u00ED", невозможно представить в текущей кодовой странице (1251)
C:\MyFolder\Office\NOW\УКПО курсовая\kursovaya_ykpo-master\kursovaya_ykpo-master — копия\kurs_ykpo\Source.cpp(100,7): warning C4566: символ, представленный универсальным именем символа "\u00F1", невозможно представить в текущей кодовой странице (1251)
C:\MyFolder\Office\NOW\УКПО курсовая\kursovaya_ykpo-master\kursovaya_ykpo-master — копия\kurs_ykpo\Source.cpp(100,7): warning C4566: символ, представленный универсальным именем символа "\u00E8", невозможно представить в текущей кодовой странице (1251)
C:\MyFolder\Office\NOW\УКПО курсовая\kursovaya_ykpo-master\kursovaya_ykpo-master — копия\kurs_ykpo\Source.cpp(100,7): warning C4566: символ, представленный универсальным именем символа "\u00F0", невозможно представить в текущей кодовой странице (1251)
C:\MyFolder\Office\NOW\УКПО курсовая\kursovaya_ykpo-master\kursovaya_ykpo-master — копия\kurs_ykpo\Source.cpp(100,7): warning C4566: символ, представленный универсальным именем символа "\u00EE", невозможно представить в текущей кодовой странице (1251)
C:\MyFolder\Office\NOW\УКПО курсовая\kursovaya_ykpo-master\kursovaya_ykpo-master — копия\kurs_ykpo\Source.cpp(100,7): warning C4566: символ, представленный универсальным именем символа "\u00E2", невозможно представить в текущей кодовой странице (1251)
C:\MyFolder\Office\NOW\УКПО курсовая\kursovaya_ykpo-master\kursovaya_ykpo-master — копия\kurs_ykpo\Source.cpp(100,7): warning C4566: символ, представленный универсальным именем символа "\u00EA", невозможно представить в текущей кодовой странице (1251)
C:\MyFolder\Office\NOW\УКПО курсовая\kursovaya_ykpo-master\kursovaya_ykpo-master — копия\kurs_ykpo\Source.cpp(101,7): warning C4566: символ, представленный универсальным именем символа "\u00C2", невозможно представить в текущей кодовой странице (1251)
C:\MyFolder\Office\NOW\УКПО курсовая\kursovaya_ykpo-master\kursovaya_ykpo-master — копия\kurs_ykpo\Source.cpp(101,7): warning C4566: символ, представленный универсальным именем символа "\u00FB", невозможно представить в текущей кодовой странице (1251)
C:\MyFolder\Office\NOW\УКПО курсовая\kursovaya_ykpo-master\kursovaya_ykpo-master — копия\kurs_ykpo\Source.cpp(101,7): warning C4566: символ, представленный универсальным именем символа "\u00F5", невозможно представить в текущей кодовой странице (1251)
C:\MyFolder\Office\NOW\УКПО курсовая\kursovaya_ykpo-master\kursovaya_ykpo-master — копия\kurs_ykpo\Source.cpp(101,7): warning C4566: символ, представленный универсальным именем символа "\u00EE", невозможно представить в текущей кодовой странице (1251)
C:\MyFolder\Office\NOW\УКПО курсовая\kursovaya_ykpo-master\kursovaya_ykpo-master — копия\kurs_ykpo\Source.cpp(101,7): warning C4566: символ, представленный универсальным именем символа "\u00E4", невозможно представить в текущей кодовой странице (1251)
C:\MyFolder\Office\NOW\УКПО курсовая\kursovaya_ykpo-master\kursovaya_ykpo-master — копия\kurs_ykpo\Source.cpp(108,12): warning C4566: символ, представленный универсальным именем символа "\u00C2", невозможно представить в текущей кодовой странице (1251)
C:\MyFolder\Office\NOW\УКПО курсовая\kursovaya_ykpo-master\kursovaya_ykpo-master — копия\kurs_ykpo\Source.cpp(108,12): warning C4566: символ, представленный универсальным именем символа "\u00E2", невозможно представить в текущей кодовой странице (1251)
C:\MyFolder\Office\NOW\УКПО курсовая\kursovaya_ykpo-master\kursovaya_ykpo-master — копия\kurs_ykpo\Source.cpp(108,12): warning C4566: символ, представленный универсальным именем символа "\u00E5", невозможно представить в текущей кодовой странице (1251)
C:\MyFolder\Office\NOW\УКПО курсовая\kursovaya_ykpo-master\kursovaya_ykpo-master — копия\kurs_ykpo\Source.cpp(108,12): warning C4566: символ, представленный универсальным именем символа "\u00E4", невозможно представить в текущей кодовой странице (1251)
C:\MyFolder\Office\NOW\УКПО курсовая\kursovaya_ykpo-master\kursovaya_ykpo-master — копия\kurs_ykpo\Source.cpp(108,12): warning C4566: символ, представленный универсальным именем символа "\u00E8", невозможно представить в текущей кодовой странице (1251)
C:\MyFolder\Office\NOW\УКПО курсовая\kursovaya_ykpo-master\kursovaya_ykpo-master — копия\kurs_ykpo\Source.cpp(108,12): warning C4566: символ, представленный универсальным именем символа "\u00F2", невозможно представить в текущей кодовой странице (1251)
C:\MyFolder\Office\NOW\УКПО курсовая\kursovaya_ykpo-master\kursovaya_ykpo-master — копия\kurs_ykpo\Source.cpp(108,12): warning C4566: символ, представленный универсальным именем символа "\u00EE", невозможно представить в текущей кодовой странице (1251)
C:\MyFolder\Office\NOW\УКПО курсовая\kursovaya_ykpo-master\kursovaya_ykpo-master — копия\kurs_ykpo\Source.cpp(108,12): warning C4566: символ, представленный универсальным именем символа "\u00E1", невозможно представить в текущей кодовой странице (1251)
C:\MyFolder\Office\NOW\УКПО курсовая\kursovaya_ykpo-master\kursovaya_ykpo-master — копия\kurs_ykpo\Source.cpp(108,12): warning C4566: символ, представленный универсальным именем символа "\u00E0", невозможно представить в текущей кодовой странице (1251)
C:\MyFolder\Office\NOW\УКПО курсовая\kursovaya_ykpo-master\kursovaya_ykpo-master — копия\kurs_ykpo\Source.cpp(108,12): warning C4566: символ, представленный универсальным именем символа "\u00EB", невозможно представить в текущей кодовой странице (1251)
C:\MyFolder\Office\NOW\УКПО курсовая\kursovaya_ykpo-master\kursovaya_ykpo-master — копия\kurs_ykpo\Source.cpp(108,12): warning C4566: символ, представленный универсальным именем символа "\u00FF", невозможно представить в текущей кодовой странице (1251)
C:\MyFolder\Office\NOW\УКПО курсовая\kursovaya_ykpo-master\kursovaya_ykpo-master — копия\kurs_ykpo\Source.cpp(108,12): warning C4566: символ, представленный универсальным именем символа "\u00EC", невозможно представить в текущей кодовой странице (1251)
C:\MyFolder\Office\NOW\УКПО курсовая\kursovaya_ykpo-master\kursovaya_ykpo-master — копия\kurs_ykpo\Source.cpp(108,12): warning C4566: символ, представленный универсальным именем символа "\u00F7", невозможно представить в текущей кодовой странице (1251)
C:\MyFolder\Office\NOW\УКПО курсовая\kursovaya_ykpo-master\kursovaya_ykpo-master — копия\kurs_ykpo\Source.cpp(108,12): warning C4566: символ, представленный универсальным именем символа "\u00F1", невозможно представить в текущей кодовой странице (1251)
C:\MyFolder\Office\NOW\УКПО курсовая\kursovaya_ykpo-master\kursovaya_ykpo-master — копия\kurs_ykpo\Source.cpp(114,12): warning C4566: символ, представленный универсальным именем символа "\u00C2", невозможно представить в текущей кодовой странице (1251)
C:\MyFolder\Office\NOW\УКПО курсовая\kursovaya_ykpo-master\kursovaya_ykpo-master — копия\kurs_ykpo\Source.cpp(114,12): warning C4566: символ, представленный универсальным именем символа "\u00E2", невозможно представить в текущей кодовой странице (1251)
C:\MyFolder\Office\NOW\УКПО курсовая\kursovaya_ykpo-master\kursovaya_ykpo-master — копия\kurs_ykpo\Source.cpp(114,12): warning C4566: символ, представленный универсальным именем символа "\u00E5", невозможно представить в текущей кодовой странице (1251)
C:\MyFolder\Office\NOW\УКПО курсовая\kursovaya_ykpo-master\kursovaya_ykpo-master — копия\kurs_ykpo\Source.cpp(114,12): warning C4566: символ, представленный универсальным именем символа "\u00E4", невозможно представить в текущей кодовой странице (1251)
C:\MyFolder\Office\NOW\УКПО курсовая\kursovaya_ykpo-master\kursovaya_ykpo-master — копия\kurs_ykpo\Source.cpp(114,12): warning C4566: символ, представленный универсальным именем символа "\u00E8", невозможно представить в текущей кодовой странице (1251)
C:\MyFolder\Office\NOW\УКПО курсовая\kursovaya_ykpo-master\kursovaya_ykpo-master — копия\kurs_ykpo\Source.cpp(114,12): warning C4566: символ, представленный универсальным именем символа "\u00F2", невозможно представить в текущей кодовой странице (1251)
C:\MyFolder\Office\NOW\УКПО курсовая\kursovaya_ykpo-master\kursovaya_ykpo-master — копия\kurs_ykpo\Source.cpp(114,12): warning C4566: символ, представленный универсальным именем символа "\u00F3", невозможно представить в текущей кодовой странице (1251)
C:\MyFolder\Office\NOW\УКПО курсовая\kursovaya_ykpo-master\kursovaya_ykpo-master — копия\kurs_ykpo\Source.cpp(114,12): warning C4566: символ, представленный универсальным именем символа "\u00E0", невозможно представить в текущей кодовой странице (1251)
C:\MyFolder\Office\NOW\УКПО курсовая\kursovaya_ykpo-master\kursovaya_ykpo-master — копия\kurs_ykpo\Source.cpp(114,12): warning C4566: символ, представленный универсальным именем символа "\u00EB", невозможно представить в текущей кодовой странице (1251)
C:\MyFolder\Office\NOW\УКПО курсовая\kursovaya_ykpo-master\kursovaya_ykpo-master — копия\kurs_ykpo\Source.cpp(114,12): warning C4566: символ, представленный универсальным именем символа "\u00FF", невозможно представить в текущей кодовой странице (1251)
C:\MyFolder\Office\NOW\УКПО курсовая\kursovaya_ykpo-master\kursovaya_ykpo-master — копия\kurs_ykpo\Source.cpp(114,12): warning C4566: символ, представленный универсальным именем символа "\u00EC", невозможно представить в текущей кодовой странице (1251)
C:\MyFolder\Office\NOW\УКПО курсовая\kursovaya_ykpo-master\kursovaya_ykpo-master — копия\kurs_ykpo\Source.cpp(114,12): warning C4566: символ, представленный универсальным именем символа "\u00EE", невозможно представить в текущей кодовой странице (1251)
C:\MyFolder\Office\NOW\УКПО курсовая\kursovaya_ykpo-master\kursovaya_ykpo-master — копия\kurs_ykpo\Source.cpp(114,12): warning C4566: символ, представленный универсальным именем символа "\u00F7", невозможно представить в текущей кодовой странице (1251)
C:\MyFolder\Office\NOW\УКПО курсовая\kursovaya_ykpo-master\kursovaya_ykpo-master — копия\kurs_ykpo\Source.cpp(114,12): warning C4566: символ, представленный универсальным именем символа "\u00F1", невозможно представить в текущей кодовой странице (1251)
C:\MyFolder\Office\NOW\УКПО курсовая\kursovaya_ykpo-master\kursovaya_ykpo-master — копия\kurs_ykpo\Source.cpp(122,18): warning C4566: символ, представленный универсальным именем символа "\u00C4", невозможно представить в текущей кодовой странице (1251)
C:\MyFolder\Office\NOW\УКПО курсовая\kursovaya_ykpo-master\kursovaya_ykpo-master — копия\kurs_ykpo\Source.cpp(122,18): warning C4566: символ, представленный универсальным именем символа "\u00E5", невозможно представить в текущей кодовой странице (1251)
C:\MyFolder\Office\NOW\УКПО курсовая\kursovaya_ykpo-master\kursovaya_ykpo-master — копия\kurs_ykpo\Source.cpp(122,18): warning C4566: символ, представленный универсальным именем символа "\u00F0", невозможно представить в текущей кодовой странице (1251)
C:\MyFolder\Office\NOW\УКПО курсовая\kursovaya_ykpo-master\kursovaya_ykpo-master — копия\kurs_ykpo\Source.cpp(122,18): warning C4566: символ, представленный универсальным именем символа "\u00E2", невозможно представить в текущей кодовой странице (1251)
C:\MyFolder\Office\NOW\УКПО курсовая\kursovaya_ykpo-master\kursovaya_ykpo-master — копия\kurs_ykpo\Source.cpp(122,18): warning C4566: символ, представленный универсальным именем символа "\u00EE", невозможно представить в текущей кодовой странице (1251)
C:\MyFolder\Office\NOW\УКПО курсовая\kursovaya_ykpo-master\kursovaya_ykpo-master — копия\kurs_ykpo\Source.cpp(122,18): warning C4566: символ, представленный универсальным именем символа "\u00EF", невозможно представить в текущей кодовой странице (1251)
C:\MyFolder\Office\NOW\УКПО курсовая\kursovaya_ykpo-master\kursovaya_ykpo-master — копия\kurs_ykpo\Source.cpp(122,18): warning C4566: символ, представленный универсальным именем символа "\u00F3", невозможно представить в текущей кодовой странице (1251)
C:\MyFolder\Office\NOW\УКПО курсовая\kursovaya_ykpo-master\kursovaya_ykpo-master — копия\kurs_ykpo\Source.cpp(122,18): warning C4566: символ, представленный универсальным именем символа "\u00F1", невозможно представить в текущей кодовой странице (1251)
C:\MyFolder\Office\NOW\УКПО курсовая\kursovaya_ykpo-master\kursovaya_ykpo-master — копия\kurs_ykpo\Source.cpp(122,18): warning C4566: символ, представленный универсальным именем символа "\u00F2", невозможно представить в текущей кодовой странице (1251)
C:\MyFolder\Office\NOW\УКПО курсовая\kursovaya_ykpo-master\kursovaya_ykpo-master — копия\kurs_ykpo\Source.cpp(127,17): warning C4566: символ, представленный универсальным именем символа "\u00C4", невозможно представить в текущей кодовой странице (1251)
C:\MyFolder\Office\NOW\УКПО курсовая\kursovaya_ykpo-master\kursovaya_ykpo-master — копия\kurs_ykpo\Source.cpp(127,17): warning C4566: символ, представленный универсальным именем символа "\u00E5", невозможно представить в текущей кодовой странице (1251)
C:\MyFolder\Office\NOW\УКПО курсовая\kursovaya_ykpo-master\kursovaya_ykpo-master — копия\kurs_ykpo\Source.cpp(127,17): warning C4566: символ, представленный универсальным именем символа "\u00F0", невозможно представить в текущей кодовой странице (1251)
C:\MyFolder\Office\NOW\УКПО курсовая\kursovaya_ykpo-master\kursovaya_ykpo-master — копия\kurs_ykpo\Source.cpp(127,17): warning C4566: символ, представленный универсальным именем символа "\u00E2", невозможно представить в текущей кодовой странице (1251)
C:\MyFolder\Office\NOW\УКПО курсовая\kursovaya_ykpo-master\kursovaya_ykpo-master — копия\kurs_ykpo\Source.cpp(127,17): warning C4566: символ, представленный универсальным именем символа "\u00EE", невозможно представить в текущей кодовой странице (1251)
C:\MyFolder\Office\NOW\УКПО курсовая\kursovaya_ykpo-master\kursovaya_ykpo-master — копия\kurs_ykpo\Source.cpp(127,17): warning C4566: символ, представленный универсальным именем символа "\u00EF", невозможно представить в текущей кодовой странице (1251)
C:\MyFolder\Office\NOW\УКПО курсовая\kursovaya_ykpo-master\kursovaya_ykpo-master — копия\kurs_ykpo\Source.cpp(127,17): warning C4566: символ, представленный универсальным именем символа "\u00F3", невозможно представить в текущей кодовой странице (1251)
C:\MyFolder\Office\NOW\УКПО курсовая\kursovaya_ykpo-master\kursovaya_ykpo-master — копия\kurs_ykpo\Source.cpp(127,17): warning C4566: символ, представленный универсальным именем символа "\u00F1", невозможно представить в текущей кодовой странице (1251)
C:\MyFolder\Office\NOW\УКПО курсовая\kursovaya_ykpo-master\kursovaya_ykpo-master — копия\kurs_ykpo\Source.cpp(127,17): warning C4566: символ, представленный универсальным именем символа "\u00F2", невозможно представить в текущей кодовой странице (1251)
C:\MyFolder\Office\NOW\УКПО курсовая\kursovaya_ykpo-master\kursovaya_ykpo-master — копия\kurs_ykpo\Source.cpp(130,12): warning C4566: символ, представленный универсальным именем символа "\u00C2", невозможно представить в текущей кодовой странице (1251)
C:\MyFolder\Office\NOW\УКПО курсовая\kursovaya_ykpo-master\kursovaya_ykpo-master — копия\kurs_ykpo\Source.cpp(130,12): warning C4566: символ, представленный универсальным именем символа "\u00FB", невозможно представить в текущей кодовой странице (1251)
C:\MyFolder\Office\NOW\УКПО курсовая\kursovaya_ykpo-master\kursovaya_ykpo-master — копия\kurs_ykpo\Source.cpp(130,12): warning C4566: символ, представленный универсальным именем символа "\u00F5", невозможно представить в текущей кодовой странице (1251)
C:\MyFolder\Office\NOW\УКПО курсовая\kursovaya_ykpo-master\kursovaya_ykpo-master — копия\kurs_ykpo\Source.cpp(130,12): warning C4566: символ, представленный универсальным именем символа "\u00EE", невозможно представить в текущей кодовой странице (1251)
C:\MyFolder\Office\NOW\УКПО курсовая\kursovaya_ykpo-master\kursovaya_ykpo-master — копия\kurs_ykpo\Source.cpp(130,12): warning C4566: символ, представленный универсальным именем символа "\u00E4", невозможно представить в текущей кодовой странице (1251)
C:\MyFolder\Office\NOW\УКПО курсовая\kursovaya_ykpo-master\kursovaya_ykpo-master — копия\kurs_ykpo\Source.cpp(135,12): warning C4566: символ, представленный универсальным именем символа "\u00C2", невозможно представить в текущей кодовой странице (1251)
C:\MyFolder\Office\NOW\УКПО курсовая\kursovaya_ykpo-master\kursovaya_ykpo-master — копия\kurs_ykpo\Source.cpp(135,12): warning C4566: символ, представленный универсальным именем символа "\u00E2", невозможно представить в текущей кодовой странице (1251)
C:\MyFolder\Office\NOW\УКПО курсовая\kursovaya_ykpo-master\kursovaya_ykpo-master — копия\kurs_ykpo\Source.cpp(135,12): warning C4566: символ, представленный универсальным именем символа "\u00E5", невозможно представить в текущей кодовой странице (1251)
C:\MyFolder\Office\NOW\УКПО курсовая\kursovaya_ykpo-master\kursovaya_ykpo-master — копия\kurs_ykpo\Source.cpp(135,12): warning C4566: символ, представленный универсальным именем символа "\u00E4", невозможно представить в текущей кодовой странице (1251)
C:\MyFolder\Office\NOW\УКПО курсовая\kursovaya_ykpo-master\kursovaya_ykpo-master — копия\kurs_ykpo\Source.cpp(135,12): warning C4566: символ, представленный универсальным именем символа "\u00E8", невозможно представить в текущей кодовой странице (1251)
C:\MyFolder\Office\NOW\УКПО курсовая\kursovaya_ykpo-master\kursovaya_ykpo-master — копия\kurs_ykpo\Source.cpp(135,12): warning C4566: символ, представленный универсальным именем символа "\u00F2", невозможно представить в текущей кодовой странице (1251)
C:\MyFolder\Office\NOW\УКПО курсовая\kursovaya_ykpo-master\kursovaya_ykpo-master — копия\kurs_ykpo\Source.cpp(135,12): warning C4566: символ, представленный универсальным именем символа "\u00EF", невозможно представить в текущей кодовой странице (1251)
C:\MyFolder\Office\NOW\УКПО курсовая\kursovaya_ykpo-master\kursovaya_ykpo-master — копия\kurs_ykpo\Source.cpp(135,12): warning C4566: символ, представленный универсальным именем символа "\u00EE", невозможно представить в текущей кодовой странице (1251)
C:\MyFolder\Office\NOW\УКПО курсовая\kursovaya_ykpo-master\kursovaya_ykpo-master — копия\kurs_ykpo\Source.cpp(135,12): warning C4566: символ, представленный универсальным именем символа "\u00F0", невозможно представить в текущей кодовой странице (1251)
C:\MyFolder\Office\NOW\УКПО курсовая\kursovaya_ykpo-master\kursovaya_ykpo-master — копия\kurs_ykpo\Source.cpp(135,12): warning C4566: символ, представленный универсальным именем символа "\u00ED", невозможно представить в текущей кодовой странице (1251)
  kurs_ykpo.vcxproj -> C:\MyFolder\Office\NOW\УКПО курсовая\kursovaya_ykpo-master\kursovaya_ykpo-master — копия\x64\Debug\SWQMCW.exe
